nohup: ignoring input
Compiling benchmark executables...
Compiling ver_10 from ver_10.c...
Compiling ver_9 from ver_9.c...
Compiling ver_8 from ver_8.c...
Compiling ver_7 from ver_7.c...
Compiling ver_6 from ver_6.c...
Compilation complete.

==================================================
Processing input file: ../input/input-100k.txt
Initializing benchmark for ../input/input-100k.txt...
Running executables and capturing output...
--------------------------------------------------
Processing ver_10 with ../input/input-100k.txt...
Header written to comparison_results_input-100k.csv
Results for ver_10 appended to comparison_results_input-100k.csv
--------------------------------------------------
Processing ver_9 with ../input/input-100k.txt...
Results for ver_9 appended to comparison_results_input-100k.csv
--------------------------------------------------
Processing ver_8 with ../input/input-100k.txt...
Results for ver_8 appended to comparison_results_input-100k.csv
--------------------------------------------------
Processing ver_7 with ../input/input-100k.txt...
Results for ver_7 appended to comparison_results_input-100k.csv
--------------------------------------------------
Processing ver_6 with ../input/input-100k.txt...
Results for ver_6 appended to comparison_results_input-100k.csv
Completed processing for ../input/input-100k.txt. Results in comparison_results_input-100k.csv
==================================================
Processing input file: ../input/input-500k.txt
Initializing benchmark for ../input/input-500k.txt...
Running executables and capturing output...
--------------------------------------------------
Processing ver_10 with ../input/input-500k.txt...
Header written to comparison_results_input-500k.csv
Results for ver_10 appended to comparison_results_input-500k.csv
--------------------------------------------------
Processing ver_9 with ../input/input-500k.txt...
Results for ver_9 appended to comparison_results_input-500k.csv
--------------------------------------------------
Processing ver_8 with ../input/input-500k.txt...
Results for ver_8 appended to comparison_results_input-500k.csv
--------------------------------------------------
Processing ver_7 with ../input/input-500k.txt...
Results for ver_7 appended to comparison_results_input-500k.csv
--------------------------------------------------
Processing ver_6 with ../input/input-500k.txt...
Results for ver_6 appended to comparison_results_input-500k.csv
Completed processing for ../input/input-500k.txt. Results in comparison_results_input-500k.csv
==================================================
Processing input file: ../input/input-1000k.txt
Initializing benchmark for ../input/input-1000k.txt...
Running executables and capturing output...
--------------------------------------------------
Processing ver_10 with ../input/input-1000k.txt...
Header written to comparison_results_input-1000k.csv
Results for ver_10 appended to comparison_results_input-1000k.csv
--------------------------------------------------
Processing ver_9 with ../input/input-1000k.txt...
Results for ver_9 appended to comparison_results_input-1000k.csv
--------------------------------------------------
Processing ver_8 with ../input/input-1000k.txt...
Results for ver_8 appended to comparison_results_input-1000k.csv
--------------------------------------------------
Processing ver_7 with ../input/input-1000k.txt...
Results for ver_7 appended to comparison_results_input-1000k.csv
--------------------------------------------------
Processing ver_6 with ../input/input-1000k.txt...
Results for ver_6 appended to comparison_results_input-1000k.csv
Completed processing for ../input/input-1000k.txt. Results in comparison_results_input-1000k.csv
==================================================
Processing input file: ../input/input-1500k.txt
Initializing benchmark for ../input/input-1500k.txt...
Running executables and capturing output...
--------------------------------------------------
Processing ver_10 with ../input/input-1500k.txt...
Header written to comparison_results_input-1500k.csv
Results for ver_10 appended to comparison_results_input-1500k.csv
--------------------------------------------------
Processing ver_9 with ../input/input-1500k.txt...
Results for ver_9 appended to comparison_results_input-1500k.csv
--------------------------------------------------
Processing ver_8 with ../input/input-1500k.txt...
Results for ver_8 appended to comparison_results_input-1500k.csv
--------------------------------------------------
Processing ver_7 with ../input/input-1500k.txt...
Results for ver_7 appended to comparison_results_input-1500k.csv
--------------------------------------------------
Processing ver_6 with ../input/input-1500k.txt...
Results for ver_6 appended to comparison_results_input-1500k.csv
Completed processing for ../input/input-1500k.txt. Results in comparison_results_input-1500k.csv
==================================================
Processing input file: ../input/input-2000k.txt
Initializing benchmark for ../input/input-2000k.txt...
Running executables and capturing output...
--------------------------------------------------
Processing ver_10 with ../input/input-2000k.txt...
Header written to comparison_results_input-2000k.csv
Results for ver_10 appended to comparison_results_input-2000k.csv
--------------------------------------------------
Processing ver_9 with ../input/input-2000k.txt...
Results for ver_9 appended to comparison_results_input-2000k.csv
--------------------------------------------------
Processing ver_8 with ../input/input-2000k.txt...
Results for ver_8 appended to comparison_results_input-2000k.csv
--------------------------------------------------
Processing ver_7 with ../input/input-2000k.txt...
Results for ver_7 appended to comparison_results_input-2000k.csv
--------------------------------------------------
Processing ver_6 with ../input/input-2000k.txt...
Results for ver_6 appended to comparison_results_input-2000k.csv
Completed processing for ../input/input-2000k.txt. Results in comparison_results_input-2000k.csv
==================================================
Processing input file: ../input/input-2500k.txt
Initializing benchmark for ../input/input-2500k.txt...
Running executables and capturing output...
--------------------------------------------------
Processing ver_10 with ../input/input-2500k.txt...
Header written to comparison_results_input-2500k.csv
Results for ver_10 appended to comparison_results_input-2500k.csv
--------------------------------------------------
Processing ver_9 with ../input/input-2500k.txt...
Results for ver_9 appended to comparison_results_input-2500k.csv
--------------------------------------------------
Processing ver_8 with ../input/input-2500k.txt...
Results for ver_8 appended to comparison_results_input-2500k.csv
--------------------------------------------------
Processing ver_7 with ../input/input-2500k.txt...
Results for ver_7 appended to comparison_results_input-2500k.csv
--------------------------------------------------
Processing ver_6 with ../input/input-2500k.txt...
Results for ver_6 appended to comparison_results_input-2500k.csv
Completed processing for ../input/input-2500k.txt. Results in comparison_results_input-2500k.csv
==================================================
Processing input file: ../input/input-3000k.txt
Initializing benchmark for ../input/input-3000k.txt...
Running executables and capturing output...
--------------------------------------------------
Processing ver_10 with ../input/input-3000k.txt...
Header written to comparison_results_input-3000k.csv
Results for ver_10 appended to comparison_results_input-3000k.csv
--------------------------------------------------
Processing ver_9 with ../input/input-3000k.txt...
Results for ver_9 appended to comparison_results_input-3000k.csv
--------------------------------------------------
Processing ver_8 with ../input/input-3000k.txt...
Results for ver_8 appended to comparison_results_input-3000k.csv
--------------------------------------------------
Processing ver_7 with ../input/input-3000k.txt...
Results for ver_7 appended to comparison_results_input-3000k.csv
--------------------------------------------------
Processing ver_6 with ../input/input-3000k.txt...
Results for ver_6 appended to comparison_results_input-3000k.csv
Completed processing for ../input/input-3000k.txt. Results in comparison_results_input-3000k.csv
==================================================
Processing input file: ../input/input-3500k.txt
Initializing benchmark for ../input/input-3500k.txt...
Running executables and capturing output...
--------------------------------------------------
Processing ver_10 with ../input/input-3500k.txt...
Header written to comparison_results_input-3500k.csv
Results for ver_10 appended to comparison_results_input-3500k.csv
--------------------------------------------------
Processing ver_9 with ../input/input-3500k.txt...
Results for ver_9 appended to comparison_results_input-3500k.csv
--------------------------------------------------
Processing ver_8 with ../input/input-3500k.txt...
Results for ver_8 appended to comparison_results_input-3500k.csv
--------------------------------------------------
Processing ver_7 with ../input/input-3500k.txt...
Results for ver_7 appended to comparison_results_input-3500k.csv
--------------------------------------------------
Processing ver_6 with ../input/input-3500k.txt...
Results for ver_6 appended to comparison_results_input-3500k.csv
Completed processing for ../input/input-3500k.txt. Results in comparison_results_input-3500k.csv
==================================================
Processing input file: ../input/input-4100k.txt
Initializing benchmark for ../input/input-4100k.txt...
Running executables and capturing output...
--------------------------------------------------
Processing ver_10 with ../input/input-4100k.txt...
Header written to comparison_results_input-4100k.csv
Results for ver_10 appended to comparison_results_input-4100k.csv
--------------------------------------------------
Processing ver_9 with ../input/input-4100k.txt...
Results for ver_9 appended to comparison_results_input-4100k.csv
--------------------------------------------------
Processing ver_8 with ../input/input-4100k.txt...
Results for ver_8 appended to comparison_results_input-4100k.csv
--------------------------------------------------
Processing ver_7 with ../input/input-4100k.txt...
Results for ver_7 appended to comparison_results_input-4100k.csv
--------------------------------------------------
Processing ver_6 with ../input/input-4100k.txt...
Results for ver_6 appended to comparison_results_input-4100k.csv
Completed processing for ../input/input-4100k.txt. Results in comparison_results_input-4100k.csv
==================================================
Processing input file: ../input/input-4500k.txt
Initializing benchmark for ../input/input-4500k.txt...
Running executables and capturing output...
--------------------------------------------------
Processing ver_10 with ../input/input-4500k.txt...
Header written to comparison_results_input-4500k.csv
Results for ver_10 appended to comparison_results_input-4500k.csv
--------------------------------------------------
Processing ver_9 with ../input/input-4500k.txt...
Results for ver_9 appended to comparison_results_input-4500k.csv
--------------------------------------------------
Processing ver_8 with ../input/input-4500k.txt...
Results for ver_8 appended to comparison_results_input-4500k.csv
--------------------------------------------------
Processing ver_7 with ../input/input-4500k.txt...
Results for ver_7 appended to comparison_results_input-4500k.csv
--------------------------------------------------
Processing ver_6 with ../input/input-4500k.txt...
Results for ver_6 appended to comparison_results_input-4500k.csv
Completed processing for ../input/input-4500k.txt. Results in comparison_results_input-4500k.csv
==================================================
Processing input file: ../input/input-5000k.txt
Initializing benchmark for ../input/input-5000k.txt...
Running executables and capturing output...
--------------------------------------------------
Processing ver_10 with ../input/input-5000k.txt...
Header written to comparison_results_input-5000k.csv
Results for ver_10 appended to comparison_results_input-5000k.csv
--------------------------------------------------
Processing ver_9 with ../input/input-5000k.txt...
Results for ver_9 appended to comparison_results_input-5000k.csv
--------------------------------------------------
Processing ver_8 with ../input/input-5000k.txt...
Results for ver_8 appended to comparison_results_input-5000k.csv
--------------------------------------------------
Processing ver_7 with ../input/input-5000k.txt...
Results for ver_7 appended to comparison_results_input-5000k.csv
--------------------------------------------------
Processing ver_6 with ../input/input-5000k.txt...
Results for ver_6 appended to comparison_results_input-5000k.csv
Completed processing for ../input/input-5000k.txt. Results in comparison_results_input-5000k.csv
==================================================
Processing input file: ../input/input-5500k.txt
Initializing benchmark for ../input/input-5500k.txt...
Running executables and capturing output...
--------------------------------------------------
Processing ver_10 with ../input/input-5500k.txt...
Header written to comparison_results_input-5500k.csv
Results for ver_10 appended to comparison_results_input-5500k.csv
--------------------------------------------------
Processing ver_9 with ../input/input-5500k.txt...
Results for ver_9 appended to comparison_results_input-5500k.csv
--------------------------------------------------
Processing ver_8 with ../input/input-5500k.txt...
Results for ver_8 appended to comparison_results_input-5500k.csv
--------------------------------------------------
Processing ver_7 with ../input/input-5500k.txt...
Results for ver_7 appended to comparison_results_input-5500k.csv
--------------------------------------------------
Processing ver_6 with ../input/input-5500k.txt...
Results for ver_6 appended to comparison_results_input-5500k.csv
Completed processing for ../input/input-5500k.txt. Results in comparison_results_input-5500k.csv
==================================================
Processing input file: ../input/input-6000k.txt
Initializing benchmark for ../input/input-6000k.txt...
Running executables and capturing output...
--------------------------------------------------
Processing ver_10 with ../input/input-6000k.txt...
Header written to comparison_results_input-6000k.csv
Results for ver_10 appended to comparison_results_input-6000k.csv
--------------------------------------------------
Processing ver_9 with ../input/input-6000k.txt...
Results for ver_9 appended to comparison_results_input-6000k.csv
--------------------------------------------------
Processing ver_8 with ../input/input-6000k.txt...
Results for ver_8 appended to comparison_results_input-6000k.csv
--------------------------------------------------
Processing ver_7 with ../input/input-6000k.txt...
Results for ver_7 appended to comparison_results_input-6000k.csv
--------------------------------------------------
Processing ver_6 with ../input/input-6000k.txt...
Results for ver_6 appended to comparison_results_input-6000k.csv
Completed processing for ../input/input-6000k.txt. Results in comparison_results_input-6000k.csv
==================================================
Processing input file: ../input/input-6500k.txt
Initializing benchmark for ../input/input-6500k.txt...
Running executables and capturing output...
--------------------------------------------------
Processing ver_10 with ../input/input-6500k.txt...
Header written to comparison_results_input-6500k.csv
Results for ver_10 appended to comparison_results_input-6500k.csv
--------------------------------------------------
Processing ver_9 with ../input/input-6500k.txt...
Results for ver_9 appended to comparison_results_input-6500k.csv
--------------------------------------------------
Processing ver_8 with ../input/input-6500k.txt...
Results for ver_8 appended to comparison_results_input-6500k.csv
--------------------------------------------------
Processing ver_7 with ../input/input-6500k.txt...
Results for ver_7 appended to comparison_results_input-6500k.csv
--------------------------------------------------
Processing ver_6 with ../input/input-6500k.txt...
Results for ver_6 appended to comparison_results_input-6500k.csv
Completed processing for ../input/input-6500k.txt. Results in comparison_results_input-6500k.csv
==================================================
Processing input file: ../input/input-7000k.txt
Initializing benchmark for ../input/input-7000k.txt...
Running executables and capturing output...
--------------------------------------------------
Processing ver_10 with ../input/input-7000k.txt...
Header written to comparison_results_input-7000k.csv
Results for ver_10 appended to comparison_results_input-7000k.csv
--------------------------------------------------
Processing ver_9 with ../input/input-7000k.txt...
Results for ver_9 appended to comparison_results_input-7000k.csv
--------------------------------------------------
Processing ver_8 with ../input/input-7000k.txt...
Results for ver_8 appended to comparison_results_input-7000k.csv
--------------------------------------------------
Processing ver_7 with ../input/input-7000k.txt...
Results for ver_7 appended to comparison_results_input-7000k.csv
--------------------------------------------------
Processing ver_6 with ../input/input-7000k.txt...
Results for ver_6 appended to comparison_results_input-7000k.csv
Completed processing for ../input/input-7000k.txt. Results in comparison_results_input-7000k.csv
==================================================
Processing input file: ../input/moduli_valid.txt
Initializing benchmark for ../input/moduli_valid.txt...
Running executables and capturing output...
--------------------------------------------------
Processing ver_10 with ../input/moduli_valid.txt...
Header written to comparison_results_moduli_valid.csv
Results for ver_10 appended to comparison_results_moduli_valid.csv
--------------------------------------------------
Processing ver_9 with ../input/moduli_valid.txt...
Results for ver_9 appended to comparison_results_moduli_valid.csv
--------------------------------------------------
Processing ver_8 with ../input/moduli_valid.txt...
Results for ver_8 appended to comparison_results_moduli_valid.csv
--------------------------------------------------
Processing ver_7 with ../input/moduli_valid.txt...
Results for ver_7 appended to comparison_results_moduli_valid.csv
--------------------------------------------------
Processing ver_6 with ../input/moduli_valid.txt...
Results for ver_6 appended to comparison_results_moduli_valid.csv
Completed processing for ../input/moduli_valid.txt. Results in comparison_results_moduli_valid.csv
==================================================
Processing input file: ../input/max_sorted.txt
Initializing benchmark for ../input/max_sorted.txt...
Running executables and capturing output...
--------------------------------------------------
Processing ver_10 with ../input/max_sorted.txt...
Header written to comparison_results_max_sorted.csv
Results for ver_10 appended to comparison_results_max_sorted.csv
--------------------------------------------------
Processing ver_9 with ../input/max_sorted.txt...
Results for ver_9 appended to comparison_results_max_sorted.csv
--------------------------------------------------
Processing ver_8 with ../input/max_sorted.txt...
Results for ver_8 appended to comparison_results_max_sorted.csv
--------------------------------------------------
Processing ver_7 with ../input/max_sorted.txt...
Results for ver_7 appended to comparison_results_max_sorted.csv
--------------------------------------------------
Processing ver_6 with ../input/max_sorted.txt...
Results for ver_6 appended to comparison_results_max_sorted.csv
Completed processing for ../input/max_sorted.txt. Results in comparison_results_max_sorted.csv

Benchmark complete.
Note: 'N/A' indicates a value could not be parsed, possibly due to an error during execution.
